<?xml version="1.0" encoding="UTF-8"?>
<testsuite xmlns:xsi="http://www.w3.org/2001/XMLSchema-instance" xsi:noNamespaceSchemaLocation="https://maven.apache.org/surefire/maven-surefire-plugin/xsd/surefire-test-report.xsd" version="3.0.2" name="com.healthrx.contest_solver.ContestSolverApplicationTests" time="2.863" tests="1" errors="0" skipped="0" failures="0">
  <properties>
[...]
</properties>
  <testcase name="contextLoads" classname="com.healthrx.contest_solver.ContestSolverApplicationTests" time="0.581">
    <system-out><![CDATA[17:03:06.178 [main] INFO org.springframework.test.context.support.AnnotationConfigContextLoaderUtils -- Could not detect default configuration classes for test class [com.healthrx.contest_solver.ContestSolverApplicationTests]: ContestSolverApplicationTests does not declare any static, non-private, non-final, nested classes annotated with @Configuration.
17:03:06.288 [main] INFO org.springframework.boot.test.context.SpringBootTestContextBootstrapper -- Found @SpringBootConfiguration com.healthrx.contest_solver.ContestSolverApplication for test class com.healthrx.contest_solver.ContestSolverApplicationTests

  .   ____          _            __ _ _
 /\\ / ___'_ __ _ _(_)_ __  __ _ \ \ \ \
( ( )\___ | '_ | '_| | '_ \/ _` | \ \ \ \
 \\/  ___)| |_)| | | | | || (_| |  ) ) ) )
  '  |____| .__|_| |_|_| |_\__, | / / / /
 =========|_|==============|___/=/_/_/_/

 :: Spring Boot ::                (v4.0.0)

2025-12-01T17:03:06.666+05:30  INFO 15724 --- [contest-solver] [           main] c.h.c.ContestSolverApplicationTests      : Starting ContestSolverApplicationTests using Java 23 with PID 15724 (started by Asus in D:\Sync_Seagate\Mirror\desk\contest-solver\contest-solver)
2025-12-01T17:03:06.667+05:30  INFO 15724 --- [contest-solver] [           main] c.h.c.ContestSolverApplicationTests      : No active profile set, falling back to 1 default profile: "default"
2025-12-01T17:03:07.732+05:30  INFO 15724 --- [contest-solver] [           main] c.h.c.ContestSolverApplicationTests      : Started ContestSolverApplicationTests in 1.324 seconds (process running for 2.377)
2025-12-01T17:03:07.734+05:30  INFO 15724 --- [contest-solver] [           main] c.h.c.service.ContestService             : >>> Starting Contest Flow...
2025-12-01T17:03:07.734+05:30  INFO 15724 --- [contest-solver] [           main] c.h.c.service.ContestService             : Calling Generate Webhook API: https://bfhldevapigw.healthrx.co.in/hiring/generateWebhook/JAVA
2025-12-01T17:03:08.183+05:30  INFO 15724 --- [contest-solver] [           main] c.h.c.service.ContestService             : Received Token: eyJhbGciOiJIUzI1NiJ9.eyJyZWdObyI6IlJFRzIwMTg5IiwibmFtZSI6IkpvaG4gRG9lIiwiZW1haWwiOiJqb2huQGV4YW1wbGUuY29tIiwic3ViIjoid2ViaG9vay11c2VyIiwiaWF0IjoxNzY0NTg4Nzg3LCJleHAiOjE3NjQ1ODk2ODd9.C2ZxzSYrnz1lVy9XEGm1imZAO-HnBafBSb6QWuTMRAM
2025-12-01T17:03:08.183+05:30  INFO 15724 --- [contest-solver] [           main] c.h.c.service.ContestService             : Received Webhook URL: https://bfhldevapigw.healthrx.co.in/hiring/testWebhook/JAVA
2025-12-01T17:03:08.183+05:30  INFO 15724 --- [contest-solver] [           main] c.h.c.service.ContestService             : RegNo: REG20189, Last Digits: 89
2025-12-01T17:03:08.184+05:30  INFO 15724 --- [contest-solver] [           main] c.h.c.service.ContestService             : Result is ODD. Selecting Question 1 Solution.
2025-12-01T17:03:08.184+05:30  INFO 15724 --- [contest-solver] [           main] c.h.c.service.ContestService             : Selected Solution: SELECT dt.DEPARTMENT_NAME, dt.SALARY, dt.EMPLOYEE_NAME, dt.AGE
FROM (
    SELECT
        d.DEPARTMENT_NAME,
        SUM(p.AMOUNT) AS SALARY,
        CONCAT(e.FIRST_NAME, ' ', e.LAST_NAME) AS EMPLOYEE_NAME,
        TIMESTAMPDIFF(YEAR, e.DOB, CURDATE()) AS AGE,
        RANK() OVER (PARTITION BY d.DEPARTMENT_ID ORDER BY SUM(p.AMOUNT) DESC) as rnk
    FROM DEPARTMENT d
    JOIN EMPLOYEE e ON d.DEPARTMENT_ID = e.DEPARTMENT
    JOIN PAYMENTS p ON e.EMP_ID = p.EMP_ID
    WHERE DAY(p.PAYMENT_TIME) != 1
    GROUP BY d.DEPARTMENT_ID, e.EMP_ID, d.DEPARTMENT_NAME, e.FIRST_NAME, e.LAST_NAME, e.DOB
) dt
WHERE dt.rnk = 1

2025-12-01T17:03:08.184+05:30  INFO 15724 --- [contest-solver] [           main] c.h.c.service.ContestService             : Submitting solution to: https://bfhldevapigw.healthrx.co.in/hiring/testWebhook/JAVA
2025-12-01T17:03:08.246+05:30  INFO 15724 --- [contest-solver] [           main] c.h.c.service.ContestService             : Submission Response Code: 200 OK
2025-12-01T17:03:08.246+05:30  INFO 15724 --- [contest-solver] [           main] c.h.c.service.ContestService             : Submission Response Body: {"success":true,"message":"Webhook processed successfully"}
2025-12-01T17:03:08.246+05:30  INFO 15724 --- [contest-solver] [           main] c.h.c.service.ContestService             : >>> Contest Flow Completed.
]]></system-out>
    <system-err><![CDATA[Mockito is currently self-attaching to enable the inline-mock-maker. This will no longer work in future releases of the JDK. Please add Mockito as an agent to your build as described in Mockito's documentation: https://javadoc.io/doc/org.mockito/mockito-core/latest/org.mockito/org/mockito/Mockito.html#0.3
WARNING: A Java agent has been loaded dynamically (C:\Users\Asus\.m2\repository\net\bytebuddy\byte-buddy-agent\1.17.8\byte-buddy-agent-1.17.8.jar)
WARNING: If a serviceability tool is in use, please run with -XX:+EnableDynamicAgentLoading to hide this warning
WARNING: If a serviceability tool is not in use, please run with -Djdk.instrument.traceUsage for more information
WARNING: Dynamic loading of agents will be disallowed by default in a future release
]]></system-err>
  </testcase>
</testsuite>